Determining if the pthread_create exist failed with the following output:
Change Dir: /home/frekn832/cbls/build/CMakeFiles/CMakeTmp

Run Build Command:"/usr/bin/make" "cmTC_1bde6/fast"
make[1]: Entering directory '/home/frekn832/cbls/build/CMakeFiles/CMakeTmp'
/usr/bin/make -f CMakeFiles/cmTC_1bde6.dir/build.make CMakeFiles/cmTC_1bde6.dir/build
make[2]: Entering directory '/home/frekn832/cbls/build/CMakeFiles/CMakeTmp'
Building C object CMakeFiles/cmTC_1bde6.dir/CheckSymbolExists.c.o
/usr/bin/cc    -o CMakeFiles/cmTC_1bde6.dir/CheckSymbolExists.c.o   -c /home/frekn832/cbls/build/CMakeFiles/CMakeTmp/CheckSymbolExists.c
Linking C executable cmTC_1bde6
/usr/bin/cmake -E cmake_link_script CMakeFiles/cmTC_1bde6.dir/link.txt --verbose=1
/usr/bin/cc      -rdynamic CMakeFiles/cmTC_1bde6.dir/CheckSymbolExists.c.o  -o cmTC_1bde6 
CMakeFiles/cmTC_1bde6.dir/CheckSymbolExists.c.o: In function `main':
CheckSymbolExists.c:(.text+0x1b): undefined reference to `pthread_create'
collect2: error: ld returned 1 exit status
CMakeFiles/cmTC_1bde6.dir/build.make:97: recipe for target 'cmTC_1bde6' failed
make[2]: *** [cmTC_1bde6] Error 1
make[2]: Leaving directory '/home/frekn832/cbls/build/CMakeFiles/CMakeTmp'
Makefile:126: recipe for target 'cmTC_1bde6/fast' failed
make[1]: *** [cmTC_1bde6/fast] Error 2
make[1]: Leaving directory '/home/frekn832/cbls/build/CMakeFiles/CMakeTmp'

File /home/frekn832/cbls/build/CMakeFiles/CMakeTmp/CheckSymbolExists.c:
/* */
#include <pthread.h>

int main(int argc, char** argv)
{
  (void)argv;
#ifndef pthread_create
  return ((int*)(&pthread_create))[argc];
#else
  (void)argc;
  return 0;
#endif
}

Determining if the function pthread_create exists in the pthreads failed with the following output:
Change Dir: /home/frekn832/cbls/build/CMakeFiles/CMakeTmp

Run Build Command:"/usr/bin/make" "cmTC_03453/fast"
make[1]: Entering directory '/home/frekn832/cbls/build/CMakeFiles/CMakeTmp'
/usr/bin/make -f CMakeFiles/cmTC_03453.dir/build.make CMakeFiles/cmTC_03453.dir/build
make[2]: Entering directory '/home/frekn832/cbls/build/CMakeFiles/CMakeTmp'
Building C object CMakeFiles/cmTC_03453.dir/CheckFunctionExists.c.o
/usr/bin/cc   -DCHECK_FUNCTION_EXISTS=pthread_create   -o CMakeFiles/cmTC_03453.dir/CheckFunctionExists.c.o   -c /usr/share/cmake-3.10/Modules/CheckFunctionExists.c
Linking C executable cmTC_03453
/usr/bin/cmake -E cmake_link_script CMakeFiles/cmTC_03453.dir/link.txt --verbose=1
/usr/bin/cc  -DCHECK_FUNCTION_EXISTS=pthread_create    -rdynamic CMakeFiles/cmTC_03453.dir/CheckFunctionExists.c.o  -o cmTC_03453 -lpthreads 
/usr/bin/ld: cannot find -lpthreads
collect2: error: ld returned 1 exit status
CMakeFiles/cmTC_03453.dir/build.make:97: recipe for target 'cmTC_03453' failed
make[2]: *** [cmTC_03453] Error 1
make[2]: Leaving directory '/home/frekn832/cbls/build/CMakeFiles/CMakeTmp'
Makefile:126: recipe for target 'cmTC_03453/fast' failed
make[1]: *** [cmTC_03453/fast] Error 2
make[1]: Leaving directory '/home/frekn832/cbls/build/CMakeFiles/CMakeTmp'


